<?xml version="1.0" encoding="UTF-8"?>
<testng-results skipped="0" failed="0" ignored="4" total="5" passed="1">
  <reporter-output>
  </reporter-output>
  <suite name="Default suite" duration-ms="26563" started-at="2021-05-22T13:30:28Z" finished-at="2021-05-22T13:30:55Z">
    <groups>
    </groups>
    <test name="Default test" duration-ms="26563" started-at="2021-05-22T13:30:28Z" finished-at="2021-05-22T13:30:55Z">
      <class name="com.qa.FurnitureStore.TestCases.RegisterAccountPageTest">
        <test-method status="PASS" signature="setupExtentReport()[pri:0, instance:com.qa.FurnitureStore.TestCases.RegisterAccountPageTest@69930714]" name="setupExtentReport" is-config="true" duration-ms="334" started-at="2021-05-22T13:30:28Z" finished-at="2021-05-22T13:30:28Z">
          <reporter-output>
          </reporter-output>
        </test-method> <!-- setupExtentReport -->
        <test-method status="PASS" signature="setup()[pri:0, instance:com.qa.FurnitureStore.TestCases.RegisterAccountPageTest@69930714]" name="setup" is-config="true" duration-ms="15636" started-at="2021-05-22T13:30:29Z" finished-at="2021-05-22T13:30:44Z">
          <reporter-output>
          </reporter-output>
        </test-method> <!-- setup -->
        <test-method status="PASS" signature="setRegisterValidData(java.lang.String, java.lang.String, java.lang.String, java.lang.String, java.lang.String, java.lang.String, java.lang.String, java.lang.String, java.lang.String, java.lang.String, java.lang.String)[pri:5, instance:com.qa.FurnitureStore.TestCases.RegisterAccountPageTest@69930714]" name="setRegisterValidData" duration-ms="10117" started-at="2021-05-22T13:30:44Z" data-provider="getFurnitureTestDate" finished-at="2021-05-22T13:30:54Z">
          <params>
            <param index="0">
              <value>
                <![CDATA[Mohammed Irfanullah]]>
              </value>
            </param>
            <param index="1">
              <value>
                <![CDATA[Ansari]]>
              </value>
            </param>
            <param index="2">
              <value>
                <![CDATA[irfanullah@bosontech.ai]]>
              </value>
            </param>
            <param index="3">
              <value>
                <![CDATA[7718942434]]>
              </value>
            </param>
            <param index="4">
              <value>
                <![CDATA[Pacific Grove, California(CA), 93950]]>
              </value>
            </param>
            <param index="5">
              <value>
                <![CDATA[California]]>
              </value>
            </param>
            <param index="6">
              <value>
                <![CDATA[91710]]>
              </value>
            </param>
            <param index="7">
              <value>
                <![CDATA[United States]]>
              </value>
            </param>
            <param index="8">
              <value>
                <![CDATA[California]]>
              </value>
            </param>
            <param index="9">
              <value>
                <![CDATA[ergode123]]>
              </value>
            </param>
            <param index="10">
              <value>
                <![CDATA[ergode123]]>
              </value>
            </param>
          </params>
          <reporter-output>
          </reporter-output>
        </test-method> <!-- setRegisterValidData -->
        <test-method status="PASS" signature="teraDown(org.testng.ITestResult)[pri:0, instance:com.qa.FurnitureStore.TestCases.RegisterAccountPageTest@69930714]" name="teraDown" is-config="true" duration-ms="299" started-at="2021-05-22T13:30:54Z" finished-at="2021-05-22T13:30:55Z">
          <params>
            <param index="0">
              <value>
                <![CDATA[[TestResult name=setRegisterValidData status=SUCCESS method=RegisterAccountPageTest.setRegisterValidData(java.lang.String, java.lang.String, java.lang.String, java.lang.String, java.lang.String, java.lang.String, java.lang.String, java.lang.String, java.lang.String, java.lang.String, java.lang.String)[pri:5, instance:com.qa.FurnitureStore.TestCases.RegisterAccountPageTest@69930714] output={null}]]]>
              </value>
            </param>
          </params>
          <reporter-output>
          </reporter-output>
        </test-method> <!-- teraDown -->
        <test-method status="PASS" signature="tearExtentReport()[pri:0, instance:com.qa.FurnitureStore.TestCases.RegisterAccountPageTest@69930714]" name="tearExtentReport" is-config="true" duration-ms="402" started-at="2021-05-22T13:30:55Z" finished-at="2021-05-22T13:30:55Z">
          <reporter-output>
          </reporter-output>
        </test-method> <!-- tearExtentReport -->
      </class> <!-- com.qa.FurnitureStore.TestCases.RegisterAccountPageTest -->
    </test> <!-- Default test -->
  </suite> <!-- Default suite -->
</testng-results>
