<?xml version="1.0" encoding="UTF-8"?>
<!-- Generated by org.testng.reporters.JUnitXMLReporter -->
<testsuite hostname="DESKTOP-8EQSD1V" ignored="4" name="Default test" tests="1" failures="0" timestamp="22 May 2021 13:30:55 GMT" time="26.563" errors="0">
  <testcase name="setRegisterValidData" time="10.117" classname="com.qa.FurnitureStore.TestCases.RegisterAccountPageTest"/>
  <testcase name="validateRegisterPageLable" time="0.0" classname="com.qa.FurnitureStore.TestCases.RegisterAccountPageTest">
    <ignored/>
  </testcase> <!-- validateRegisterPageLable -->
  <testcase name="EnterContinueBtnWithoutAnyDataTest" time="0.0" classname="com.qa.FurnitureStore.TestCases.RegisterAccountPageTest">
    <ignored/>
  </testcase> <!-- EnterContinueBtnWithoutAnyDataTest -->
  <testcase name="validateRegisterPageTitleTest" time="0.0" classname="com.qa.FurnitureStore.TestCases.RegisterAccountPageTest">
    <ignored/>
  </testcase> <!-- validateRegisterPageTitleTest -->
  <testcase name="validateRegisrterPageLoginPageBtnTest" time="0.0" classname="com.qa.FurnitureStore.TestCases.RegisterAccountPageTest">
    <ignored/>
  </testcase> <!-- validateRegisrterPageLoginPageBtnTest -->
</testsuite> <!-- Default test -->
